<testsuite errors="0" failures="0" name="Django Project Tests" skips="0" tests="7" time="1.736"><testcase classname="crawling_data.tests.CrawlingTestCase" name="test_crawling_save_db" time="0.579203" /><testcase classname="crawling_data.tests.ModelTestCase" name="test_model_can_create_a_crawling_data" time="0.004207" /><testcase classname="crawling_data.tests.SendMailTestCase" name="test_send_mail" time="0.002727" /><testcase classname="keywords.tests.KeyWordsTestCase" name="test_create_a_keyword" time="0.006590" /><testcase classname="users.tests.UserCreateTestCase" name="test_api_login_user" time="0.437894" /><testcase classname="users.tests.UserCreateTestCase" name="test_api_logout" time="0.403167" /><testcase classname="users.tests.UserCreateTestCase" name="test_create_user" time="0.263112" /></testsuite>